May 20, 2022 9:46:08 PM com.example.GreenHouseSpring.gateway_endpoint.LoRaClient onOpen
INFO: WebSocket Listener has been opened for requests.
May 20, 2022 9:46:08 PM com.example.GreenHouseSpring.gateway_endpoint.LoRaClient onText
INFO: Received data: {"cmd":"ERROR","error_code":"WS_INVALID_TOKEN_ERROR","error_msg":"Invalid access token"}
May 20, 2022 9:46:08 PM com.example.GreenHouseSpring.gateway_endpoint.LoRaClient onClose
WARNING: WebSocket closed!
May 20, 2022 9:46:08 PM com.example.GreenHouseSpring.gateway_endpoint.LoRaClient onClose
WARNING: Status:1005 Reason: 
May 21, 2022 10:08:46 AM com.example.GreenHouseSpring.gateway_endpoint.LoRaClient onOpen
INFO: WebSocket Listener has been opened for requests.
May 21, 2022 10:08:46 AM com.example.GreenHouseSpring.gateway_endpoint.LoRaClient onText
INFO: Received data: {"cmd":"ERROR","error_code":"WS_INVALID_TOKEN_ERROR","error_msg":"Invalid access token"}
May 21, 2022 10:08:46 AM com.example.GreenHouseSpring.gateway_endpoint.LoRaClient onClose
WARNING: WebSocket closed!
May 21, 2022 10:08:46 AM com.example.GreenHouseSpring.gateway_endpoint.LoRaClient onClose
WARNING: Status:1005 Reason: 
May 21, 2022 10:32:46 AM com.example.GreenHouseSpring.gateway_endpoint.LoRaClient onOpen
INFO: WebSocket Listener has been opened for requests.
May 21, 2022 10:32:46 AM com.example.GreenHouseSpring.gateway_endpoint.LoRaClient onText
INFO: Received data: {"cmd":"ERROR","error_code":"WS_INVALID_TOKEN_ERROR","error_msg":"Invalid access token"}
May 21, 2022 10:32:46 AM com.example.GreenHouseSpring.gateway_endpoint.LoRaClient onClose
WARNING: WebSocket closed!
May 21, 2022 10:32:46 AM com.example.GreenHouseSpring.gateway_endpoint.LoRaClient onClose
WARNING: Status:1005 Reason: 
May 21, 2022 10:33:21 AM com.example.GreenHouseSpring.gateway_endpoint.LoRaClient onOpen
INFO: WebSocket Listener has been opened for requests.
May 21, 2022 10:33:21 AM com.example.GreenHouseSpring.gateway_endpoint.LoRaClient onText
INFO: Received data: {"cmd":"ERROR","error_code":"WS_INVALID_TOKEN_ERROR","error_msg":"Invalid access token"}
May 21, 2022 10:33:21 AM com.example.GreenHouseSpring.gateway_endpoint.LoRaClient onClose
WARNING: WebSocket closed!
May 21, 2022 10:33:21 AM com.example.GreenHouseSpring.gateway_endpoint.LoRaClient onClose
WARNING: Status:1005 Reason: 
May 23, 2022 12:29:32 AM com.example.GreenHouseSpring.gateway_endpoint.LoRaClient onOpen
INFO: WebSocket Listener has been opened for requests.
May 23, 2022 12:29:32 AM com.example.GreenHouseSpring.gateway_endpoint.LoRaClient onText
INFO: Received data: {"cmd":"ERROR","error_code":"WS_INVALID_TOKEN_ERROR","error_msg":"Invalid access token"}
May 23, 2022 12:29:32 AM com.example.GreenHouseSpring.gateway_endpoint.LoRaClient onClose
WARNING: WebSocket closed!
May 23, 2022 12:29:32 AM com.example.GreenHouseSpring.gateway_endpoint.LoRaClient onClose
WARNING: Status:1005 Reason: 
May 23, 2022 10:04:48 AM com.example.GreenHouseSpring.gateway_endpoint.LoRaClient onOpen
INFO: WebSocket Listener has been opened for requests.
May 23, 2022 10:05:06 AM com.example.GreenHouseSpring.gateway_endpoint.LoRaClient onText
INFO: Received data: {"cmd":"rx","seqno":666,"EUI":"0004A30B00E7C8E7","ts":1653293107145,"fcnt":1,"port":2,"freq":867900000,"rssi":-109,"snr":-12,"toa":0,"dr":"SF12 BW125 4/5","ack":false,"bat":255,"offline":false,"data":"002800160190"}
May 23, 2022 10:05:06 AM com.example.GreenHouseSpring.gateway_endpoint.LoRaClient onError
SEVERE: A null exception was thrown.
May 23, 2022 10:05:06 AM com.example.GreenHouseSpring.gateway_endpoint.LoRaClient onError
SEVERE: Message: null
May 23, 2022 10:13:10 AM com.example.GreenHouseSpring.gateway_endpoint.LoRaClient onOpen
INFO: WebSocket Listener has been opened for requests.
May 23, 2022 10:16:57 AM com.example.GreenHouseSpring.gateway_endpoint.LoRaClient onOpen
INFO: WebSocket Listener has been opened for requests.
May 23, 2022 10:18:48 AM com.example.GreenHouseSpring.gateway_endpoint.LoRaClient onOpen
INFO: WebSocket Listener has been opened for requests.
May 23, 2022 10:21:42 AM com.example.GreenHouseSpring.gateway_endpoint.LoRaClient onOpen
INFO: WebSocket Listener has been opened for requests.
May 23, 2022 10:23:14 AM com.example.GreenHouseSpring.gateway_endpoint.LoRaClient onText
INFO: Received data: {"cmd":"rx","seqno":672,"EUI":"0004A30B00E7C8E7","ts":1653294194821,"fcnt":7,"port":2,"freq":868500000,"rssi":-97,"snr":-21,"toa":0,"dr":"SF12 BW125 4/5","ack":false,"bat":255,"offline":false,"data":"002700170190"}
May 23, 2022 10:23:14 AM com.example.GreenHouseSpring.gateway_endpoint.LoRaClient onText
INFO: Received data: {"cmd":"gw","seqno":672,"EUI":"0004A30B00E7C8E7","ts":1653294194821,"fcnt":7,"port":2,"freq":868500000,"toa":0,"dr":"SF12 BW125 4/5","ack":false,"gws":[{"rssi":-97,"snr":-21,"ts":1653294194821,"tmms":52000,"time":"2022-05-23T08:23:14.663470874Z","gweui":"7076FFFFFF019BCE","ant":0,"lat":55.8098365,"lon":9.6234451},{"rssi":-100,"snr":-20,"ts":1653294194821,"tmms":52000,"time":"2022-05-23T08:23:14.663470874Z","gweui":"7076FFFFFF019BCE","ant":1,"lat":55.8098365,"lon":9.6234451}],"bat":255,"data":"002700170190","_id":"628b44737f434810e08f83a8"}
May 23, 2022 10:24:47 AM com.example.GreenHouseSpring.gateway_endpoint.LoRaClient onText
INFO: Received data: {"cmd":"rx","seqno":673,"EUI":"0004A30B00E7C8E7","ts":1653294288046,"fcnt":8,"port":2,"freq":868300000,"rssi":-115,"snr":-12,"toa":0,"dr":"SF12 BW125 4/5","ack":false,"bat":255,"offline":false,"data":"002700170190"}
May 23, 2022 10:24:47 AM com.example.GreenHouseSpring.gateway_endpoint.LoRaClient onText
INFO: Received data: {"cmd":"gw","seqno":673,"EUI":"0004A30B00E7C8E7","ts":1653294288046,"fcnt":8,"port":2,"freq":868300000,"toa":0,"dr":"SF12 BW125 4/5","ack":false,"gws":[{"rssi":-100,"snr":-15,"ts":1653294288082,"tmms":52000,"time":"2022-05-23T08:24:47.920147965Z","gweui":"7076FFFFFF019BCE","ant":0,"lat":55.8098365,"lon":9.6234451},{"rssi":-101,"snr":-17,"ts":1653294288082,"tmms":52000,"time":"2022-05-23T08:24:47.920147965Z","gweui":"7076FFFFFF019BCE","ant":1,"lat":55.8098365,"lon":9.6234451},{"rssi":-115,"snr":-12,"ts":1653294288046,"tmms":52000,"time":"2022-05-23T08:24:47.920095212Z","gweui":"7076FFFFFF019DE0","ant":0,"lat":55.8631871,"lon":9.836898200000002}],"bat":255,"data":"002700170190","_id":"628b44d0f54f13efba4f7e6d"}
May 23, 2022 10:26:20 AM com.example.GreenHouseSpring.gateway_endpoint.LoRaClient onText
INFO: Received data: {"cmd":"rx","seqno":674,"EUI":"0004A30B00E7C8E7","ts":1653294381306,"fcnt":9,"port":2,"freq":867700000,"rssi":-114,"snr":-18,"toa":0,"dr":"SF12 BW125 4/5","ack":false,"bat":255,"offline":false,"data":"002700170190"}
May 23, 2022 10:26:21 AM com.example.GreenHouseSpring.gateway_endpoint.LoRaClient onText
INFO: Received data: {"cmd":"gw","seqno":674,"EUI":"0004A30B00E7C8E7","ts":1653294381306,"fcnt":9,"port":2,"freq":867700000,"toa":0,"dr":"SF12 BW125 4/5","ack":false,"gws":[{"rssi":-113,"snr":-3,"ts":1653294381312,"tmms":52000,"time":"2022-05-23T08:26:21.178768977Z","gweui":"7076FFFFFF019BCE","ant":0,"lat":55.8098365,"lon":9.6234451},{"rssi":-113,"snr":-7,"ts":1653294381312,"tmms":52000,"time":"2022-05-23T08:26:21.178768977Z","gweui":"7076FFFFFF019BCE","ant":1,"lat":55.8098365,"lon":9.6234451},{"rssi":-114,"snr":-17,"ts":1653294381306,"tmms":52000,"time":"2022-05-23T08:26:21.178767438Z","gweui":"7076FFFFFF019F64","ant":1,"lat":55.8098365,"lon":9.6234451},{"rssi":-114,"snr":-18,"ts":1653294381306,"tmms":52000,"time":"2022-05-23T08:26:21.178767438Z","gweui":"7076FFFFFF019F64","ant":0,"lat":55.8098365,"lon":9.6234451},{"rssi":-115,"snr":-21,"ts":1653294381336,"tmms":52000,"time":"2022-05-23T08:26:21.178715035Z","gweui":"7076FFFFFF019DE0","ant":0,"lat":55.8631871,"lon":9.836898200000002}],"bat":255,"data":"002700170190","_id":"628b452d7f434810e08f8ab0"}
May 23, 2022 10:26:51 AM com.example.GreenHouseSpring.gateway_endpoint.LoRaClient onText
INFO: Received data: {"cmd":"rx","seqno":675,"EUI":"0004A30B00E7C8E7","ts":1653294412403,"fcnt":10,"port":2,"freq":867900000,"rssi":-111,"snr":-22,"toa":0,"dr":"SF12 BW125 4/5","ack":false,"bat":255,"offline":false,"data":"002700170190"}
May 23, 2022 10:26:52 AM com.example.GreenHouseSpring.gateway_endpoint.LoRaClient onText
INFO: Received data: {"cmd":"gw","seqno":675,"EUI":"0004A30B00E7C8E7","ts":1653294412403,"fcnt":10,"port":2,"freq":867900000,"toa":0,"dr":"SF12 BW125 4/5","ack":false,"gws":[{"rssi":-111,"snr":-19,"ts":1653294412403,"tmms":52000,"time":"2022-05-23T08:26:52.262457406Z","gweui":"7076FFFFFF019F64","ant":1,"lat":55.8098365,"lon":9.6234451},{"rssi":-111,"snr":-22,"ts":1653294412403,"tmms":52000,"time":"2022-05-23T08:26:52.262457406Z","gweui":"7076FFFFFF019F64","ant":0,"lat":55.8098365,"lon":9.6234451},{"rssi":-112,"snr":-3,"ts":1653294412419,"tmms":52000,"time":"2022-05-23T08:26:52.262455979Z","gweui":"7076FFFFFF019BCE","ant":0,"lat":55.8098365,"lon":9.6234451},{"rssi":-113,"snr":-6,"ts":1653294412419,"tmms":52000,"time":"2022-05-23T08:26:52.262455979Z","gweui":"7076FFFFFF019BCE","ant":1,"lat":55.8098365,"lon":9.6234451},{"rssi":-115,"snr":-17,"ts":1653294412406,"tmms":52000,"time":"2022-05-23T08:26:52.262410056Z","gweui":"7076FFFFFF019DE0","ant":0,"lat":55.8631871,"lon":9.836898200000002}],"bat":255,"data":"002700170190","_id":"628b454c7f434810e08f8bc9"}
May 23, 2022 10:28:25 AM com.example.GreenHouseSpring.gateway_endpoint.LoRaClient onText
INFO: Received data: {"cmd":"rx","seqno":676,"EUI":"0004A30B00E7C8E7","ts":1653294505649,"fcnt":12,"port":2,"freq":867300000,"rssi":-108,"snr":-23,"toa":0,"dr":"SF12 BW125 4/5","ack":false,"bat":255,"offline":false,"data":"002700170190"}
May 23, 2022 10:28:25 AM com.example.GreenHouseSpring.gateway_endpoint.LoRaClient onText
INFO: Received data: {"cmd":"gw","seqno":676,"EUI":"0004A30B00E7C8E7","ts":1653294505649,"fcnt":12,"port":2,"freq":867300000,"toa":0,"dr":"SF12 BW125 4/5","ack":false,"gws":[{"rssi":-108,"snr":-23,"ts":1653294505649,"tmms":52000,"time":"2022-05-23T08:28:25.519538554Z","gweui":"7076FFFFFF019F64","ant":1,"lat":55.8098365,"lon":9.6234451},{"rssi":-113,"snr":-3,"ts":1653294505659,"tmms":52000,"time":"2022-05-23T08:28:25.519539927Z","gweui":"7076FFFFFF019BCE","ant":0,"lat":55.8098365,"lon":9.6234451},{"rssi":-113,"snr":-6,"ts":1653294505659,"tmms":52000,"time":"2022-05-23T08:28:25.519539927Z","gweui":"7076FFFFFF019BCE","ant":1,"lat":55.8098365,"lon":9.6234451},{"rssi":-115,"snr":-20,"ts":1653294505671,"tmms":52000,"time":"2022-05-23T08:28:25.519494102Z","gweui":"7076FFFFFF019DE0","ant":0,"lat":55.8631871,"lon":9.836898200000002}],"bat":255,"data":"002700170190","_id":"628b45aa7f434810e08f8f08"}
May 23, 2022 10:29:52 AM com.example.GreenHouseSpring.gateway_endpoint.LoRaClient onOpen
INFO: WebSocket Listener has been opened for requests.
May 23, 2022 10:39:35 AM com.example.GreenHouseSpring.gateway_endpoint.LoRaClient onOpen
INFO: WebSocket Listener has been opened for requests.
May 23, 2022 10:41:21 AM com.example.GreenHouseSpring.gateway_endpoint.LoRaClient onText
INFO: Received data: {"cmd":"rx","seqno":678,"EUI":"0004A30B00E7C8E7","ts":1653295281814,"fcnt":0,"port":2,"freq":867500000,"rssi":-114,"snr":-6,"toa":0,"dr":"SF12 BW125 4/5","ack":false,"bat":255,"offline":false,"data":"002500170226"}
May 23, 2022 10:41:21 AM com.example.GreenHouseSpring.gateway_endpoint.LoRaClient onText
INFO: Received data: {"cmd":"gw","seqno":678,"EUI":"0004A30B00E7C8E7","ts":1653295281814,"fcnt":0,"port":2,"freq":867500000,"toa":0,"dr":"SF12 BW125 4/5","ack":false,"gws":[{"rssi":-114,"snr":-6,"ts":1653295281814,"tmms":52000,"time":"2022-05-23T08:41:21.696744168Z","gweui":"7076FFFFFF019DE0","ant":0,"lat":55.8631871,"lon":9.836898200000002}],"bat":255,"data":"002500170226","_id":"628b48b2f54f13efba4fa403"}
May 23, 2022 10:42:23 AM com.example.GreenHouseSpring.gateway_endpoint.LoRaClient onText
INFO: Received data: {"cmd":"rx","seqno":679,"EUI":"0004A30B00E7C8E7","ts":1653295343636,"fcnt":0,"port":2,"freq":867700000,"rssi":-114,"snr":-15,"toa":0,"dr":"SF12 BW125 4/5","ack":false,"bat":255,"offline":false,"data":"002400180226"}
May 23, 2022 10:42:23 AM com.example.GreenHouseSpring.gateway_endpoint.LoRaClient onText
INFO: Received data: {"cmd":"gw","seqno":679,"EUI":"0004A30B00E7C8E7","ts":1653295343636,"fcnt":0,"port":2,"freq":867700000,"toa":0,"dr":"SF12 BW125 4/5","ack":false,"gws":[{"rssi":-113,"snr":-5,"ts":1653295343636,"tmms":52000,"time":"2022-05-23T08:42:23.538093943Z","gweui":"7076FFFFFF019BCE","ant":1,"lat":55.8098365,"lon":9.6234451},{"rssi":-114,"snr":-6,"ts":1653295343684,"tmms":52000,"time":"2022-05-23T08:42:23.538037112Z","gweui":"7076FFFFFF019DE0","ant":0,"lat":55.8631871,"lon":9.836898200000002},{"rssi":-114,"snr":-15,"ts":1653295343636,"tmms":52000,"time":"2022-05-23T08:42:23.538093943Z","gweui":"7076FFFFFF019BCE","ant":0,"lat":55.8098365,"lon":9.6234451}],"bat":255,"data":"002400180226","_id":"628b48ef7f434810e08faf0b"}
May 23, 2022 10:42:54 AM com.example.GreenHouseSpring.gateway_endpoint.LoRaClient onText
INFO: Received data: {"cmd":"rx","seqno":680,"EUI":"0004A30B00E7C8E7","ts":1653295374762,"fcnt":1,"port":2,"freq":867100000,"rssi":-114,"snr":-5,"toa":0,"dr":"SF12 BW125 4/5","ack":false,"bat":255,"offline":false,"data":"002600180226"}
May 23, 2022 10:42:54 AM com.example.GreenHouseSpring.gateway_endpoint.LoRaClient onText
INFO: Received data: {"cmd":"gw","seqno":680,"EUI":"0004A30B00E7C8E7","ts":1653295374762,"fcnt":1,"port":2,"freq":867100000,"toa":0,"dr":"SF12 BW125 4/5","ack":false,"gws":[{"rssi":-111,"snr":-10,"ts":1653295374773,"tmms":52000,"time":"2022-05-23T08:42:54.609108951Z","gweui":"7076FFFFFF019BCE","ant":1,"lat":55.8098365,"lon":9.6234451},{"rssi":-112,"snr":-20,"ts":1653295374773,"tmms":52000,"time":"2022-05-23T08:42:54.609108951Z","gweui":"7076FFFFFF019BCE","ant":0,"lat":55.8098365,"lon":9.6234451},{"rssi":-114,"snr":-5,"ts":1653295374762,"tmms":52000,"time":"2022-05-23T08:42:54.609068137Z","gweui":"7076FFFFFF019DE0","ant":0,"lat":55.8631871,"lon":9.836898200000002}],"bat":255,"data":"002600180226","_id":"628b490ff54f13efba4fa6df"}
May 23, 2022 10:43:25 AM com.example.GreenHouseSpring.gateway_endpoint.LoRaClient onText
INFO: Received data: {"cmd":"rx","seqno":681,"EUI":"0004A30B00E7C8E7","ts":1653295405826,"fcnt":2,"port":2,"freq":868100000,"rssi":-114,"snr":-11,"toa":0,"dr":"SF12 BW125 4/5","ack":false,"bat":255,"offline":false,"data":"0024001809cf"}
May 23, 2022 10:43:25 AM com.example.GreenHouseSpring.gateway_endpoint.LoRaClient onText
INFO: Received data: {"cmd":"gw","seqno":681,"EUI":"0004A30B00E7C8E7","ts":1653295405826,"fcnt":2,"port":2,"freq":868100000,"toa":0,"dr":"SF12 BW125 4/5","ack":false,"gws":[{"rssi":-114,"snr":-11,"ts":1653295405826,"tmms":52000,"time":"2022-05-23T08:43:25.687259165Z","gweui":"7076FFFFFF019DE0","ant":0,"lat":55.8631871,"lon":9.836898200000002}],"bat":255,"data":"0024001809cf","_id":"628b492ef54f13efba4fa809"}
May 23, 2022 10:43:56 AM com.example.GreenHouseSpring.gateway_endpoint.LoRaClient onText
INFO: Received data: {"cmd":"rx","seqno":682,"EUI":"0004A30B00E7C8E7","ts":1653295436874,"fcnt":3,"port":2,"freq":867900000,"rssi":-108,"snr":-18.5,"toa":0,"dr":"SF12 BW125 4/5","ack":false,"bat":255,"offline":false,"data":"002400180233"}
May 23, 2022 10:43:56 AM com.example.GreenHouseSpring.gateway_endpoint.LoRaClient onText
INFO: Received data: {"cmd":"gw","seqno":682,"EUI":"0004A30B00E7C8E7","ts":1653295436874,"fcnt":3,"port":2,"freq":867900000,"toa":0,"dr":"SF12 BW125 4/5","ack":false,"gws":[{"rssi":-108,"snr":-18.5,"ts":1653295436874,"tmms":52000,"time":"2022-05-23T08:43:56.770426963Z","gweui":"7076FFFFFF019BCE","ant":0,"lat":55.8098365,"lon":9.6234451},{"rssi":-109,"snr":-10,"ts":1653295436874,"tmms":52000,"time":"2022-05-23T08:43:56.770426963Z","gweui":"7076FFFFFF019BCE","ant":1,"lat":55.8098365,"lon":9.6234451},{"rssi":-114,"snr":-7,"ts":1653295436885,"tmms":52000,"time":"2022-05-23T08:43:56.770385148Z","gweui":"7076FFFFFF019DE0","ant":0,"lat":55.8631871,"lon":9.836898200000002}],"bat":255,"data":"002400180233","_id":"628b494d7f434810e08fb247"}
May 23, 2022 10:44:27 AM com.example.GreenHouseSpring.gateway_endpoint.LoRaClient onText
INFO: Received data: {"cmd":"rx","seqno":683,"EUI":"0004A30B00E7C8E7","ts":1653295467960,"fcnt":4,"port":2,"freq":868500000,"rssi":-97,"snr":-23,"toa":0,"dr":"SF12 BW125 4/5","ack":false,"bat":255,"offline":false,"data":"0024001801a0"}
May 23, 2022 10:44:27 AM com.example.GreenHouseSpring.gateway_endpoint.LoRaClient onText
INFO: Received data: {"cmd":"gw","seqno":683,"EUI":"0004A30B00E7C8E7","ts":1653295467960,"fcnt":4,"port":2,"freq":868500000,"toa":0,"dr":"SF12 BW125 4/5","ack":false,"gws":[{"rssi":-97,"snr":-23,"ts":1653295467960,"tmms":52000,"time":"2022-05-23T08:44:27.858401986Z","gweui":"7076FFFFFF019BCE","ant":1,"lat":55.8098365,"lon":9.6234451},{"rssi":-115,"snr":-9,"ts":1653295468018,"tmms":52000,"time":"2022-05-23T08:44:27.858352179Z","gweui":"7076FFFFFF019DE0","ant":0,"lat":55.8631871,"lon":9.836898200000002}],"bat":255,"data":"0024001801a0","_id":"628b496c7f434810e08fb36e"}
May 23, 2022 10:44:58 AM com.example.GreenHouseSpring.gateway_endpoint.LoRaClient onText
INFO: Received data: {"cmd":"rx","seqno":684,"EUI":"0004A30B00E7C8E7","ts":1653295499061,"fcnt":5,"port":2,"freq":867300000,"rssi":-113,"snr":-21,"toa":0,"dr":"SF12 BW125 4/5","ack":false,"bat":255,"offline":false,"data":"002400180190"}
May 23, 2022 10:44:58 AM com.example.GreenHouseSpring.gateway_endpoint.LoRaClient onText
INFO: Received data: {"cmd":"gw","seqno":684,"EUI":"0004A30B00E7C8E7","ts":1653295499061,"fcnt":5,"port":2,"freq":867300000,"toa":0,"dr":"SF12 BW125 4/5","ack":false,"gws":[{"rssi":-110,"snr":-7,"ts":1653295499061,"tmms":52000,"time":"2022-05-23T08:44:58.951024987Z","gweui":"7076FFFFFF019BCE","ant":1,"lat":55.8098365,"lon":9.6234451},{"rssi":-113,"snr":-21,"ts":1653295499061,"tmms":52000,"time":"2022-05-23T08:44:58.951024987Z","gweui":"7076FFFFFF019BCE","ant":0,"lat":55.8098365,"lon":9.6234451},{"rssi":-114,"snr":-6,"ts":1653295499086,"tmms":52000,"time":"2022-05-23T08:44:58.950975212Z","gweui":"7076FFFFFF019DE0","ant":0,"lat":55.8631871,"lon":9.836898200000002}],"bat":255,"data":"002400180190","_id":"628b498b7f434810e08fb481"}
May 23, 2022 10:45:29 AM com.example.GreenHouseSpring.gateway_endpoint.LoRaClient onText
INFO: Received data: {"cmd":"rx","seqno":685,"EUI":"0004A30B00E7C8E7","ts":1653295530164,"fcnt":6,"port":2,"freq":867500000,"rssi":-114,"snr":-7,"toa":0,"dr":"SF12 BW125 4/5","ack":false,"bat":255,"offline":false,"data":"002300180190"}
May 23, 2022 10:45:30 AM com.example.GreenHouseSpring.gateway_endpoint.LoRaClient onText
INFO: Received data: {"cmd":"gw","seqno":685,"EUI":"0004A30B00E7C8E7","ts":1653295530164,"fcnt":6,"port":2,"freq":867500000,"toa":0,"dr":"SF12 BW125 4/5","ack":false,"gws":[{"rssi":-114,"snr":-7,"ts":1653295530164,"tmms":52000,"time":"2022-05-23T08:45:30.048950010Z","gweui":"7076FFFFFF019DE0","ant":0,"lat":55.8631871,"lon":9.836898200000002}],"bat":255,"data":"002300180190","_id":"628b49aaf54f13efba4fab8c"}
May 23, 2022 10:56:48 AM com.example.GreenHouseSpring.gateway_endpoint.LoRaClient onOpen
INFO: WebSocket Listener has been opened for requests.
May 23, 2022 11:00:32 AM com.example.GreenHouseSpring.gateway_endpoint.LoRaClient onText
INFO: Received data: {"cmd":"rx","seqno":686,"EUI":"0004A30B00E7C8E7","ts":1653296432577,"fcnt":7,"port":2,"freq":868100000,"rssi":-114,"snr":-6,"toa":0,"dr":"SF12 BW125 4/5","ack":false,"bat":255,"offline":false,"data":"002100190190"}
May 23, 2022 11:00:32 AM com.example.GreenHouseSpring.gateway_endpoint.LoRaClient onText
INFO: Received data: {"cmd":"gw","seqno":686,"EUI":"0004A30B00E7C8E7","ts":1653296432577,"fcnt":7,"port":2,"freq":868100000,"toa":0,"dr":"SF12 BW125 4/5","ack":false,"gws":[{"rssi":-114,"snr":-6,"ts":1653296432577,"tmms":52000,"time":"2022-05-23T09:00:32.426619103Z","gweui":"7076FFFFFF019DE0","ant":0,"lat":55.8631871,"lon":9.836898200000002}],"bat":255,"data":"002100190190","_id":"628b4d30f54f13efba4fc90f"}
May 23, 2022 11:01:34 AM com.example.GreenHouseSpring.gateway_endpoint.LoRaClient onText
INFO: Received data: {"cmd":"rx","seqno":687,"EUI":"0004A30B00E7C8E7","ts":1653296494776,"fcnt":8,"port":2,"freq":868500000,"rssi":-104,"snr":-17,"toa":0,"dr":"SF12 BW125 4/5","ack":false,"bat":255,"offline":false,"data":"0021001a0190"}
May 23, 2022 11:01:34 AM com.example.GreenHouseSpring.gateway_endpoint.LoRaClient onText
INFO: Received data: {"cmd":"gw","seqno":687,"EUI":"0004A30B00E7C8E7","ts":1653296494776,"fcnt":8,"port":2,"freq":868500000,"toa":0,"dr":"SF12 BW125 4/5","ack":false,"gws":[{"rssi":-104,"snr":-17,"ts":1653296494776,"tmms":52000,"time":"2022-05-23T09:01:34.663292920Z","gweui":"7076FFFFFF019BCE","ant":1,"lat":55.8098365,"lon":9.6234451},{"rssi":-114,"snr":-5,"ts":1653296494781,"tmms":52000,"time":"2022-05-23T09:01:34.663248138Z","gweui":"7076FFFFFF019DE0","ant":0,"lat":55.8631871,"lon":9.836898200000002}],"bat":255,"data":"0021001a0190","_id":"628b4d6f7f434810e08fda2b"}
May 23, 2022 11:02:32 AM com.example.GreenHouseSpring.gateway_endpoint.LoRaClient onOpen
INFO: WebSocket Listener has been opened for requests.
May 23, 2022 11:04:09 AM com.example.GreenHouseSpring.gateway_endpoint.LoRaClient onText
INFO: Received data: {"cmd":"rx","seqno":688,"EUI":"0004A30B00E7C8E7","ts":1653296650360,"fcnt":9,"port":2,"freq":867700000,"rssi":-114,"snr":-14,"toa":0,"dr":"SF12 BW125 4/5","ack":false,"bat":255,"offline":false,"data":"0021001a0190"}
May 23, 2022 11:04:10 AM com.example.GreenHouseSpring.gateway_endpoint.LoRaClient onText
INFO: Received data: {"cmd":"gw","seqno":688,"EUI":"0004A30B00E7C8E7","ts":1653296650360,"fcnt":9,"port":2,"freq":867700000,"toa":0,"dr":"SF12 BW125 4/5","ack":false,"gws":[{"rssi":-113,"snr":-5,"ts":1653296650360,"tmms":52000,"time":"2022-05-23T09:04:10.257919977Z","gweui":"7076FFFFFF019BCE","ant":1,"lat":55.8098365,"lon":9.6234451},{"rssi":-114,"snr":-7,"ts":1653296650405,"tmms":52000,"time":"2022-05-23T09:04:10.257866052Z","gweui":"7076FFFFFF019DE0","ant":0,"lat":55.8631871,"lon":9.836898200000002},{"rssi":-114,"snr":-14,"ts":1653296650360,"tmms":52000,"time":"2022-05-23T09:04:10.257919977Z","gweui":"7076FFFFFF019BCE","ant":0,"lat":55.8098365,"lon":9.6234451}],"bat":255,"data":"0021001a0190","_id":"628b4e0a7f434810e08fe05c"}
May 23, 2022 11:04:41 AM com.example.GreenHouseSpring.gateway_endpoint.LoRaClient onText
INFO: Received data: {"cmd":"rx","seqno":689,"EUI":"0004A30B00E7C8E7","ts":1653296681532,"fcnt":10,"port":2,"freq":867100000,"rssi":-115,"snr":-11,"toa":0,"dr":"SF12 BW125 4/5","ack":false,"bat":255,"offline":false,"data":"0021001a0190"}
May 23, 2022 11:04:41 AM com.example.GreenHouseSpring.gateway_endpoint.LoRaClient onText
INFO: Received data: {"cmd":"gw","seqno":689,"EUI":"0004A30B00E7C8E7","ts":1653296681532,"fcnt":10,"port":2,"freq":867100000,"toa":0,"dr":"SF12 BW125 4/5","ack":false,"gws":[{"rssi":-99,"snr":-21,"ts":1653296681534,"tmms":52000,"time":"2022-05-23T09:04:41.376998979Z","gweui":"7076FFFFFF019BCE","ant":1,"lat":55.8098365,"lon":9.6234451},{"rssi":-99,"snr":-22,"ts":1653296681534,"tmms":52000,"time":"2022-05-23T09:04:41.376998979Z","gweui":"7076FFFFFF019BCE","ant":0,"lat":55.8098365,"lon":9.6234451},{"rssi":-115,"snr":-11,"ts":1653296681532,"tmms":52000,"time":"2022-05-23T09:04:41.376953082Z","gweui":"7076FFFFFF019DE0","ant":0,"lat":55.8631871,"lon":9.836898200000002}],"bat":255,"data":"0021001a0190","_id":"628b4e29f54f13efba4fd198"}
May 23, 2022 11:04:41 AM com.example.GreenHouseSpring.gateway_endpoint.LoRaClient onError
SEVERE: A null exception was thrown.
May 23, 2022 11:04:41 AM com.example.GreenHouseSpring.gateway_endpoint.LoRaClient onError
SEVERE: Message: For input string: "e"
May 23, 2022 11:05:56 AM com.example.GreenHouseSpring.gateway_endpoint.LoRaClient onOpen
INFO: WebSocket Listener has been opened for requests.
May 23, 2022 11:06:45 AM com.example.GreenHouseSpring.gateway_endpoint.LoRaClient onText
INFO: Received data: {"cmd":"rx","seqno":691,"EUI":"0004A30B00E7C8E7","ts":1653296806003,"fcnt":12,"port":2,"freq":867300000,"rssi":-113,"snr":-11,"toa":0,"dr":"SF12 BW125 4/5","ack":false,"bat":255,"offline":false,"data":"0021001a0190"}
May 23, 2022 11:06:45 AM com.example.GreenHouseSpring.gateway_endpoint.LoRaClient onText
INFO: Received data: {"cmd":"gw","seqno":691,"EUI":"0004A30B00E7C8E7","ts":1653296806003,"fcnt":12,"port":2,"freq":867300000,"toa":0,"dr":"SF12 BW125 4/5","ack":false,"gws":[{"rssi":-113,"snr":-11,"ts":1653296806003,"tmms":52000,"time":"2022-05-23T09:06:45.863641961Z","gweui":"7076FFFFFF019BCE","ant":0,"lat":55.8098365,"lon":9.6234451},{"rssi":-114,"snr":-6,"ts":1653296806017,"tmms":52000,"time":"2022-05-23T09:06:45.863588187Z","gweui":"7076FFFFFF019DE0","ant":0,"lat":55.8631871,"lon":9.836898200000002},{"rssi":-114,"snr":-9,"ts":1653296806003,"tmms":52000,"time":"2022-05-23T09:06:45.863641961Z","gweui":"7076FFFFFF019BCE","ant":1,"lat":55.8098365,"lon":9.6234451}],"bat":255,"data":"0021001a0190","_id":"628b4ea67f434810e08fe5cd"}
May 23, 2022 11:07:16 AM com.example.GreenHouseSpring.gateway_endpoint.LoRaClient onText
INFO: Received data: {"cmd":"rx","seqno":692,"EUI":"0004A30B00E7C8E7","ts":1653296837151,"fcnt":13,"port":2,"freq":867500000,"rssi":-113,"snr":-4,"toa":0,"dr":"SF12 BW125 4/5","ack":false,"bat":255,"offline":false,"data":"0023001a0190"}
May 23, 2022 11:07:16 AM com.example.GreenHouseSpring.gateway_endpoint.LoRaClient onText
INFO: Received data: {"cmd":"gw","seqno":692,"EUI":"0004A30B00E7C8E7","ts":1653296837151,"fcnt":13,"port":2,"freq":867500000,"toa":0,"dr":"SF12 BW125 4/5","ack":false,"gws":[{"rssi":-113,"snr":-4,"ts":1653296837151,"tmms":52000,"time":"2022-05-23T09:07:16.985890997Z","gweui":"7076FFFFFF019DE0","ant":0,"lat":55.8631871,"lon":9.836898200000002}],"bat":255,"data":"0023001a0190","_id":"628b4ec5f54f13efba4fd676"}
May 23, 2022 11:07:16 AM com.example.GreenHouseSpring.gateway_endpoint.LoRaClient onError
SEVERE: A null exception was thrown.
May 23, 2022 11:07:16 AM com.example.GreenHouseSpring.gateway_endpoint.LoRaClient onError
SEVERE: Message: For input string: "e"
May 23, 2022 11:12:43 AM com.example.GreenHouseSpring.gateway_endpoint.LoRaClient onOpen
INFO: WebSocket Listener has been opened for requests.
May 23, 2022 11:13:52 AM com.example.GreenHouseSpring.gateway_endpoint.LoRaClient onOpen
INFO: WebSocket Listener has been opened for requests.
May 23, 2022 11:18:52 AM com.example.GreenHouseSpring.gateway_endpoint.LoRaClient onText
INFO: Received data: {"cmd":"rx","seqno":693,"EUI":"0004A30B00E7C8E7","ts":1653297532648,"fcnt":0,"port":2,"freq":867900000,"rssi":-116,"snr":-15.2,"toa":0,"dr":"SF12 BW125 4/5","ack":false,"bat":255,"offline":false,"data":"0025001801f3"}
May 23, 2022 11:18:52 AM com.example.GreenHouseSpring.gateway_endpoint.LoRaClient onText
INFO: Received data: {"cmd":"gw","seqno":693,"EUI":"0004A30B00E7C8E7","ts":1653297532648,"fcnt":0,"port":2,"freq":867900000,"toa":0,"dr":"SF12 BW125 4/5","ack":false,"gws":[{"rssi":-114,"snr":-7,"ts":1653297532688,"tmms":52000,"time":"2022-05-23T09:18:52.532339124Z","gweui":"7076FFFFFF019DE0","ant":0,"lat":55.8631871,"lon":9.836898200000002},{"rssi":-116,"snr":-15.2,"ts":1653297532648,"tmms":52000,"time":"2022-05-23T09:18:52.532375892Z","gweui":"7076FFFFFF019BCE","ant":1,"lat":55.8098365,"lon":9.6234451}],"bat":255,"data":"0025001801f3","_id":"628b517d7f434810e09000ed"}
May 23, 2022 11:19:23 AM com.example.GreenHouseSpring.gateway_endpoint.LoRaClient onText
INFO: Received data: {"cmd":"rx","seqno":694,"EUI":"0004A30B00E7C8E7","ts":1653297563792,"fcnt":1,"port":2,"freq":867500000,"rssi":-115,"snr":-12,"toa":0,"dr":"SF12 BW125 4/5","ack":false,"bat":255,"offline":false,"data":"0025001801e2"}
May 23, 2022 11:19:23 AM com.example.GreenHouseSpring.gateway_endpoint.LoRaClient onText
INFO: Received data: {"cmd":"gw","seqno":694,"EUI":"0004A30B00E7C8E7","ts":1653297563792,"fcnt":1,"port":2,"freq":867500000,"toa":0,"dr":"SF12 BW125 4/5","ack":false,"gws":[{"rssi":-115,"snr":-12,"ts":1653297563792,"tmms":52000,"time":"2022-05-23T09:19:23.644497120Z","gweui":"7076FFFFFF019DE0","ant":0,"lat":55.8631871,"lon":9.836898200000002}],"bat":255,"data":"0025001801e2","_id":"628b519cf54f13efba4ff162"}
May 23, 2022 11:19:23 AM com.example.GreenHouseSpring.gateway_endpoint.LoRaClient onError
SEVERE: A null exception was thrown.
May 23, 2022 11:19:23 AM com.example.GreenHouseSpring.gateway_endpoint.LoRaClient onError
SEVERE: Message: For input string: "e"
May 23, 2022 11:37:02 AM com.example.GreenHouseSpring.gateway_endpoint.LoRaClient onOpen
INFO: WebSocket Listener has been opened for requests.
May 23, 2022 11:38:03 AM com.example.GreenHouseSpring.gateway_endpoint.LoRaClient onText
INFO: Received data: {"cmd":"rx","seqno":701,"EUI":"0004A30B00E7C8E7","ts":1653298683986,"fcnt":8,"port":2,"freq":868500000,"rssi":-114,"snr":-6,"toa":0,"dr":"SF12 BW125 4/5","ack":false,"bat":255,"offline":false,"data":"002600180190"}
May 23, 2022 11:38:03 AM com.example.GreenHouseSpring.gateway_endpoint.LoRaClient onText
INFO: Received data: {"cmd":"gw","seqno":701,"EUI":"0004A30B00E7C8E7","ts":1653298683986,"fcnt":8,"port":2,"freq":868500000,"toa":0,"dr":"SF12 BW125 4/5","ack":false,"gws":[{"rssi":-114,"snr":-6,"ts":1653298683986,"tmms":52000,"time":"2022-05-23T09:38:03.820838157Z","gweui":"7076FFFFFF019DE0","ant":0,"lat":55.8631871,"lon":9.836898200000002}],"bat":255,"data":"002600180190","_id":"628b55fcf54f13efba501758"}
May 23, 2022 11:38:03 AM com.example.GreenHouseSpring.gateway_endpoint.LoRaClient onError
SEVERE: A null exception was thrown.
May 23, 2022 11:38:03 AM com.example.GreenHouseSpring.gateway_endpoint.LoRaClient onError
SEVERE: Message: For input string: "e"
May 23, 2022 11:47:17 AM com.example.GreenHouseSpring.gateway_endpoint.LoRaClient onOpen
INFO: WebSocket Listener has been opened for requests.
May 23, 2022 11:47:22 AM com.example.GreenHouseSpring.gateway_endpoint.LoRaClient onText
INFO: Received data: {"cmd":"rx","seqno":708,"EUI":"0004A30B00E7C8E7","ts":1653299242950,"fcnt":1,"port":2,"freq":868300000,"rssi":-114,"snr":-4,"toa":0,"dr":"SF12 BW125 4/5","ack":false,"bat":255,"offline":false,"data":"002600180190"}
May 23, 2022 11:47:22 AM com.example.GreenHouseSpring.gateway_endpoint.LoRaClient onText
INFO: Received data: {"cmd":"gw","seqno":708,"EUI":"0004A30B00E7C8E7","ts":1653299242950,"fcnt":1,"port":2,"freq":868300000,"toa":0,"dr":"SF12 BW125 4/5","ack":false,"gws":[{"rssi":-114,"snr":-4,"ts":1653299242950,"tmms":52000,"time":"2022-05-23T09:47:22.810521178Z","gweui":"7076FFFFFF019DE0","ant":0,"lat":55.8631871,"lon":9.836898200000002}],"bat":255,"data":"002600180190","_id":"628b582bf54f13efba502b83"}
May 23, 2022 11:47:53 AM com.example.GreenHouseSpring.gateway_endpoint.LoRaClient onText
INFO: Received data: {"cmd":"rx","seqno":709,"EUI":"0004A30B00E7C8E7","ts":1653299274021,"fcnt":2,"port":2,"freq":867100000,"rssi":-115,"snr":-10,"toa":0,"dr":"SF12 BW125 4/5","ack":false,"bat":255,"offline":false,"data":"002600180190"}
May 23, 2022 11:47:53 AM com.example.GreenHouseSpring.gateway_endpoint.LoRaClient onText
INFO: Received data: {"cmd":"gw","seqno":709,"EUI":"0004A30B00E7C8E7","ts":1653299274021,"fcnt":2,"port":2,"freq":867100000,"toa":0,"dr":"SF12 BW125 4/5","ack":false,"gws":[{"rssi":-108,"snr":-14,"ts":1653299274069,"tmms":52000,"time":"2022-05-23T09:47:53.916274972Z","gweui":"7076FFFFFF019BCE","ant":0,"lat":55.8098365,"lon":9.6234451},{"rssi":-109,"snr":-17,"ts":1653299274069,"tmms":52000,"time":"2022-05-23T09:47:53.916274972Z","gweui":"7076FFFFFF019BCE","ant":1,"lat":55.8098365,"lon":9.6234451},{"rssi":-115,"snr":-10,"ts":1653299274021,"tmms":52000,"time":"2022-05-23T09:47:53.916232214Z","gweui":"7076FFFFFF019DE0","ant":0,"lat":55.8631871,"lon":9.836898200000002}],"bat":255,"data":"002600180190","_id":"628b584af54f13efba502c8e"}
May 23, 2022 11:48:24 AM com.example.GreenHouseSpring.gateway_endpoint.LoRaClient onText
INFO: Received data: {"cmd":"rx","seqno":710,"EUI":"0004A30B00E7C8E7","ts":1653299305165,"fcnt":3,"port":2,"freq":868500000,"rssi":-114,"snr":-6,"toa":0,"dr":"SF12 BW125 4/5","ack":false,"bat":255,"offline":false,"data":"0026001801a1"}
May 23, 2022 11:48:24 AM com.example.GreenHouseSpring.gateway_endpoint.LoRaClient onText
INFO: Received data: {"cmd":"gw","seqno":710,"EUI":"0004A30B00E7C8E7","ts":1653299305165,"fcnt":3,"port":2,"freq":868500000,"toa":0,"dr":"SF12 BW125 4/5","ack":false,"gws":[{"rssi":-114,"snr":-6,"ts":1653299305165,"tmms":52000,"time":"2022-05-23T09:48:25.022759005Z","gweui":"7076FFFFFF019DE0","ant":0,"lat":55.8631871,"lon":9.836898200000002}],"bat":255,"data":"0026001801a1","_id":"628b5869f54f13efba502d70"}
May 23, 2022 11:48:55 AM com.example.GreenHouseSpring.gateway_endpoint.LoRaClient onText
INFO: Received data: {"cmd":"rx","seqno":711,"EUI":"0004A30B00E7C8E7","ts":1653299336247,"fcnt":4,"port":2,"freq":867700000,"rssi":-115,"snr":-20,"toa":0,"dr":"SF12 BW125 4/5","ack":false,"bat":255,"offline":false,"data":"002600180192"}
May 23, 2022 11:48:55 AM com.example.GreenHouseSpring.gateway_endpoint.LoRaClient onText
INFO: Received data: {"cmd":"gw","seqno":711,"EUI":"0004A30B00E7C8E7","ts":1653299336247,"fcnt":4,"port":2,"freq":867700000,"toa":0,"dr":"SF12 BW125 4/5","ack":false,"gws":[{"rssi":-110,"snr":-12,"ts":1653299336252,"tmms":52000,"time":"2022-05-23T09:48:56.130448975Z","gweui":"7076FFFFFF019BCE","ant":0,"lat":55.8098365,"lon":9.6234451},{"rssi":-115,"snr":-20,"ts":1653299336247,"tmms":52000,"time":"2022-05-23T09:48:56.130398032Z","gweui":"7076FFFFFF019DE0","ant":0,"lat":55.8631871,"lon":9.836898200000002}],"bat":255,"data":"002600180192","_id":"628b5888f54f13efba502ea5"}
May 23, 2022 11:49:26 AM com.example.GreenHouseSpring.gateway_endpoint.LoRaClient onText
INFO: Received data: {"cmd":"rx","seqno":712,"EUI":"0004A30B00E7C8E7","ts":1653299367357,"fcnt":5,"port":2,"freq":867900000,"rssi":-113,"snr":-14,"toa":0,"dr":"SF12 BW125 4/5","ack":false,"bat":255,"offline":false,"data":"002600180190"}
May 23, 2022 11:49:27 AM com.example.GreenHouseSpring.gateway_endpoint.LoRaClient onText
INFO: Received data: {"cmd":"gw","seqno":712,"EUI":"0004A30B00E7C8E7","ts":1653299367357,"fcnt":5,"port":2,"freq":867900000,"toa":0,"dr":"SF12 BW125 4/5","ack":false,"gws":[{"rssi":-113,"snr":-14,"ts":1653299367357,"tmms":52000,"time":"2022-05-23T09:49:27.238239976Z","gweui":"7076FFFFFF019BCE","ant":0,"lat":55.8098365,"lon":9.6234451},{"rssi":-115,"snr":-16,"ts":1653299367376,"tmms":52000,"time":"2022-05-23T09:49:27.238196046Z","gweui":"7076FFFFFF019DE0","ant":0,"lat":55.8631871,"lon":9.836898200000002}],"bat":255,"data":"002600180190","_id":"628b58a77f434810e0904716"}
May 23, 2022 11:49:57 AM com.example.GreenHouseSpring.gateway_endpoint.LoRaClient onText
INFO: Received data: {"cmd":"rx","seqno":713,"EUI":"0004A30B00E7C8E7","ts":1653299398461,"fcnt":6,"port":2,"freq":867500000,"rssi":-114,"snr":-8,"toa":0,"dr":"SF12 BW125 4/5","ack":false,"bat":255,"offline":false,"data":"002600180190"}
May 23, 2022 11:49:58 AM com.example.GreenHouseSpring.gateway_endpoint.LoRaClient onText
INFO: Received data: {"cmd":"gw","seqno":713,"EUI":"0004A30B00E7C8E7","ts":1653299398461,"fcnt":6,"port":2,"freq":867500000,"toa":0,"dr":"SF12 BW125 4/5","ack":false,"gws":[{"rssi":-114,"snr":-8,"ts":1653299398461,"tmms":52000,"time":"2022-05-23T09:49:58.345691072Z","gweui":"7076FFFFFF019DE0","ant":0,"lat":55.8631871,"lon":9.836898200000002}],"bat":255,"data":"002600180190","_id":"628b58c6f54f13efba50307c"}
May 23, 2022 11:52:55 AM com.example.GreenHouseSpring.gateway_endpoint.LoRaClient onOpen
INFO: WebSocket Listener has been opened for requests.
May 23, 2022 11:54:43 AM com.example.GreenHouseSpring.gateway_endpoint.LoRaClient onText
INFO: Received data: {"cmd":"rx","seqno":714,"EUI":"0004A30B00E7C8E7","ts":1653299683885,"fcnt":0,"port":2,"freq":867700000,"rssi":-110,"snr":-9,"toa":0,"dr":"SF12 BW125 4/5","ack":false,"bat":255,"offline":false,"data":"002600180226"}
May 23, 2022 11:54:43 AM com.example.GreenHouseSpring.gateway_endpoint.LoRaClient onText
INFO: Received data: {"cmd":"gw","seqno":714,"EUI":"0004A30B00E7C8E7","ts":1653299683885,"fcnt":0,"port":2,"freq":867700000,"toa":0,"dr":"SF12 BW125 4/5","ack":false,"gws":[{"rssi":-110,"snr":-9,"ts":1653299683885,"tmms":52000,"time":"2022-05-23T09:54:43.774484986Z","gweui":"7076FFFFFF019BCE","ant":0,"lat":55.8098365,"lon":9.6234451},{"rssi":-113,"snr":-14,"ts":1653299683885,"tmms":52000,"time":"2022-05-23T09:54:43.774484986Z","gweui":"7076FFFFFF019BCE","ant":1,"lat":55.8098365,"lon":9.6234451},{"rssi":-113,"snr":-21,"ts":1653299683896,"tmms":52000,"time":"2022-05-23T09:54:43.774490295Z","gweui":"7076FFFFFF019F64","ant":0,"lat":55.8098365,"lon":9.6234451},{"rssi":-113,"snr":-21,"ts":1653299683896,"tmms":52000,"time":"2022-05-23T09:54:43.774490295Z","gweui":"7076FFFFFF019F64","ant":1,"lat":55.8098365,"lon":9.6234451},{"rssi":-114,"snr":-6,"ts":1653299683915,"tmms":52000,"time":"2022-05-23T09:54:43.774442188Z","gweui":"7076FFFFFF019DE0","ant":0,"lat":55.8631871,"lon":9.836898200000002}],"bat":255,"data":"002600180226","_id":"628b59e47f434810e0905299"}
May 23, 2022 11:55:14 AM com.example.GreenHouseSpring.gateway_endpoint.LoRaClient onText
INFO: Received data: {"cmd":"rx","seqno":715,"EUI":"0004A30B00E7C8E7","ts":1653299715053,"fcnt":1,"port":2,"freq":868500000,"rssi":-115,"snr":-8,"toa":0,"dr":"SF12 BW125 4/5","ack":false,"bat":255,"offline":false,"data":"002600180226"}
May 23, 2022 11:55:14 AM com.example.GreenHouseSpring.gateway_endpoint.LoRaClient onText
INFO: Received data: {"cmd":"gw","seqno":715,"EUI":"0004A30B00E7C8E7","ts":1653299715053,"fcnt":1,"port":2,"freq":868500000,"toa":0,"dr":"SF12 BW125 4/5","ack":false,"gws":[{"rssi":-115,"snr":-8,"ts":1653299715053,"tmms":52000,"time":"2022-05-23T09:55:14.889504171Z","gweui":"7076FFFFFF019DE0","ant":0,"lat":55.8631871,"lon":9.836898200000002}],"bat":255,"data":"002600180226","_id":"628b5a03f54f13efba503a59"}
May 23, 2022 11:55:52 AM com.example.GreenHouseSpring.gateway_endpoint.LoRaClient onOpen
INFO: WebSocket Listener has been opened for requests.
May 23, 2022 11:56:16 AM com.example.GreenHouseSpring.gateway_endpoint.LoRaClient onText
INFO: Received data: {"cmd":"rx","seqno":717,"EUI":"0004A30B00E7C8E7","ts":1653299777265,"fcnt":3,"port":2,"freq":867100000,"rssi":-115,"snr":-8,"toa":0,"dr":"SF12 BW125 4/5","ack":false,"bat":255,"offline":false,"data":"002600180226"}
May 23, 2022 11:56:17 AM com.example.GreenHouseSpring.gateway_endpoint.LoRaClient onText
INFO: Received data: {"cmd":"gw","seqno":717,"EUI":"0004A30B00E7C8E7","ts":1653299777265,"fcnt":3,"port":2,"freq":867100000,"toa":0,"dr":"SF12 BW125 4/5","ack":false,"gws":[{"rssi":-105,"snr":-16,"ts":1653299777266,"tmms":52000,"time":"2022-05-23T09:56:17.118376922Z","gweui":"7076FFFFFF019BCE","ant":0,"lat":55.8098365,"lon":9.6234451},{"rssi":-105,"snr":-17,"ts":1653299777266,"tmms":52000,"time":"2022-05-23T09:56:17.118376922Z","gweui":"7076FFFFFF019BCE","ant":1,"lat":55.8098365,"lon":9.6234451},{"rssi":-115,"snr":-8,"ts":1653299777265,"tmms":52000,"time":"2022-05-23T09:56:17.118334024Z","gweui":"7076FFFFFF019DE0","ant":0,"lat":55.8631871,"lon":9.836898200000002}],"bat":255,"data":"002600180226","_id":"628b5a41f54f13efba503c54"}
May 23, 2022 11:56:47 AM com.example.GreenHouseSpring.gateway_endpoint.LoRaClient onText
INFO: Received data: {"cmd":"rx","seqno":718,"EUI":"0004A30B00E7C8E7","ts":1653299808336,"fcnt":4,"port":2,"freq":867300000,"rssi":-115,"snr":-11,"toa":0,"dr":"SF12 BW125 4/5","ack":false,"bat":255,"offline":false,"data":"002700180226"}
May 23, 2022 11:56:48 AM com.example.GreenHouseSpring.gateway_endpoint.LoRaClient onText
INFO: Received data: {"cmd":"gw","seqno":718,"EUI":"0004A30B00E7C8E7","ts":1653299808336,"fcnt":4,"port":2,"freq":867300000,"toa":0,"dr":"SF12 BW125 4/5","ack":false,"gws":[{"rssi":-112,"snr":-3,"ts":1653299808384,"tmms":52000,"time":"2022-05-23T09:56:48.233431928Z","gweui":"7076FFFFFF019BCE","ant":0,"lat":55.8098365,"lon":9.6234451},{"rssi":-113,"snr":-13,"ts":1653299808384,"tmms":52000,"time":"2022-05-23T09:56:48.233431928Z","gweui":"7076FFFFFF019BCE","ant":1,"lat":55.8098365,"lon":9.6234451},{"rssi":-115,"snr":-11,"ts":1653299808336,"tmms":52000,"time":"2022-05-23T09:56:48.233389050Z","gweui":"7076FFFFFF019DE0","ant":0,"lat":55.8631871,"lon":9.836898200000002}],"bat":255,"data":"002700180226","_id":"628b5a60f54f13efba503d39"}
May 23, 2022 11:57:18 AM com.example.GreenHouseSpring.gateway_endpoint.LoRaClient onText
INFO: Received data: {"cmd":"rx","seqno":719,"EUI":"0004A30B00E7C8E7","ts":1653299839467,"fcnt":5,"port":2,"freq":867500000,"rssi":-115,"snr":-16,"toa":0,"dr":"SF12 BW125 4/5","ack":false,"bat":255,"offline":false,"data":"002600180193"}
May 23, 2022 11:57:19 AM com.example.GreenHouseSpring.gateway_endpoint.LoRaClient onText
INFO: Received data: {"cmd":"gw","seqno":719,"EUI":"0004A30B00E7C8E7","ts":1653299839467,"fcnt":5,"port":2,"freq":867500000,"toa":0,"dr":"SF12 BW125 4/5","ack":false,"gws":[{"rssi":-115,"snr":-16,"ts":1653299839467,"tmms":52000,"time":"2022-05-23T09:57:19.349556079Z","gweui":"7076FFFFFF019DE0","ant":0,"lat":55.8631871,"lon":9.836898200000002}],"bat":255,"data":"002600180193","_id":"628b5a7ff54f13efba503e39"}
May 23, 2022 11:57:49 AM com.example.GreenHouseSpring.gateway_endpoint.LoRaClient onText
INFO: Received data: {"cmd":"rx","seqno":720,"EUI":"0004A30B00E7C8E7","ts":1653299870578,"fcnt":6,"port":2,"freq":867900000,"rssi":-112,"snr":-12,"toa":0,"dr":"SF12 BW125 4/5","ack":false,"bat":255,"offline":false,"data":"002600180190"}
May 23, 2022 11:57:50 AM com.example.GreenHouseSpring.gateway_endpoint.LoRaClient onText
INFO: Received data: {"cmd":"gw","seqno":720,"EUI":"0004A30B00E7C8E7","ts":1653299870578,"fcnt":6,"port":2,"freq":867900000,"toa":0,"dr":"SF12 BW125 4/5","ack":false,"gws":[{"rssi":-111,"snr":-20,"ts":1653299870578,"tmms":52000,"time":"2022-05-23T09:57:50.464685935Z","gweui":"7076FFFFFF019BCE","ant":1,"lat":55.8098365,"lon":9.6234451},{"rssi":-112,"snr":-12,"ts":1653299870578,"tmms":52000,"time":"2022-05-23T09:57:50.464685935Z","gweui":"7076FFFFFF019BCE","ant":0,"lat":55.8098365,"lon":9.6234451}],"bat":255,"data":"002600180190","_id":"628b5a9e7f434810e09059ae"}
May 23, 2022 11:58:37 AM com.example.GreenHouseSpring.gateway_endpoint.LoRaClient onOpen
INFO: WebSocket Listener has been opened for requests.
May 23, 2022 11:59:54 AM com.example.GreenHouseSpring.gateway_endpoint.LoRaClient onText
INFO: Received data: {"cmd":"rx","seqno":721,"EUI":"0004A30B00E7C8E7","ts":1653299994688,"fcnt":0,"port":2,"freq":868300000,"rssi":-115,"snr":-18,"toa":0,"dr":"SF12 BW125 4/5","ack":false,"bat":255,"offline":false,"data":"002600180226"}
May 23, 2022 11:59:54 AM com.example.GreenHouseSpring.gateway_endpoint.LoRaClient onError
SEVERE: A null exception was thrown.
May 23, 2022 11:59:54 AM com.example.GreenHouseSpring.gateway_endpoint.LoRaClient onError
SEVERE: Message: null
May 23, 2022 12:00:43 PM com.example.GreenHouseSpring.gateway_endpoint.LoRaClient onOpen
INFO: WebSocket Listener has been opened for requests.
May 23, 2022 12:00:56 PM com.example.GreenHouseSpring.gateway_endpoint.LoRaClient onText
INFO: Received data: {"cmd":"rx","seqno":723,"EUI":"0004A30B00E7C8E7","ts":1653300056914,"fcnt":2,"port":2,"freq":867100000,"rssi":-111,"snr":-16,"toa":0,"dr":"SF12 BW125 4/5","ack":false,"bat":255,"offline":false,"data":"002600180226"}
May 23, 2022 12:00:56 PM com.example.GreenHouseSpring.gateway_endpoint.LoRaClient onError
SEVERE: A null exception was thrown.
May 23, 2022 12:00:56 PM com.example.GreenHouseSpring.gateway_endpoint.LoRaClient onError
SEVERE: Message: null
May 23, 2022 12:01:42 PM com.example.GreenHouseSpring.gateway_endpoint.LoRaClient onOpen
INFO: WebSocket Listener has been opened for requests.
May 23, 2022 12:01:58 PM com.example.GreenHouseSpring.gateway_endpoint.LoRaClient onText
INFO: Received data: {"cmd":"rx","seqno":725,"EUI":"0004A30B00E7C8E7","ts":1653300119161,"fcnt":4,"port":2,"freq":867500000,"rssi":-114,"snr":-4,"toa":0,"dr":"SF12 BW125 4/5","ack":false,"bat":255,"offline":false,"data":"004f00190226"}
May 23, 2022 12:01:58 PM com.example.GreenHouseSpring.gateway_endpoint.LoRaClient onText
INFO: Received data: {"cmd":"gw","seqno":725,"EUI":"0004A30B00E7C8E7","ts":1653300119161,"fcnt":4,"port":2,"freq":867500000,"toa":0,"dr":"SF12 BW125 4/5","ack":false,"gws":[{"rssi":-114,"snr":-4,"ts":1653300119161,"tmms":52000,"time":"2022-05-23T10:01:59.037369007Z","gweui":"7076FFFFFF019DE0","ant":0,"lat":55.8631871,"lon":9.836898200000002}],"bat":255,"data":"004f00190226","_id":"628b5b97f54f13efba504732"}
May 23, 2022 12:02:29 PM com.example.GreenHouseSpring.gateway_endpoint.LoRaClient onText
INFO: Received data: {"cmd":"rx","seqno":726,"EUI":"0004A30B00E7C8E7","ts":1653300150297,"fcnt":5,"port":2,"freq":867900000,"rssi":-114,"snr":-12,"toa":0,"dr":"SF12 BW125 4/5","ack":false,"bat":255,"offline":false,"data":"003a0018035c"}
May 23, 2022 12:02:30 PM com.example.GreenHouseSpring.gateway_endpoint.LoRaClient onText
INFO: Received data: {"cmd":"gw","seqno":726,"EUI":"0004A30B00E7C8E7","ts":1653300150297,"fcnt":5,"port":2,"freq":867900000,"toa":0,"dr":"SF12 BW125 4/5","ack":false,"gws":[{"rssi":-113,"snr":-8,"ts":1653300150303,"tmms":52000,"time":"2022-05-23T10:02:30.153259920Z","gweui":"7076FFFFFF019BCE","ant":0,"lat":55.8098365,"lon":9.6234451},{"rssi":-113,"snr":-18,"ts":1653300150303,"tmms":52000,"time":"2022-05-23T10:02:30.153259920Z","gweui":"7076FFFFFF019BCE","ant":1,"lat":55.8098365,"lon":9.6234451},{"rssi":-114,"snr":-12,"ts":1653300150297,"tmms":52000,"time":"2022-05-23T10:02:30.153216032Z","gweui":"7076FFFFFF019DE0","ant":0,"lat":55.8631871,"lon":9.836898200000002}],"bat":255,"data":"003a0018035c","_id":"628b5bb6f54f13efba504809"}
May 23, 2022 12:03:00 PM com.example.GreenHouseSpring.gateway_endpoint.LoRaClient onText
INFO: Received data: {"cmd":"rx","seqno":727,"EUI":"0004A30B00E7C8E7","ts":1653300181431,"fcnt":6,"port":2,"freq":867300000,"rssi":-115,"snr":-7,"toa":0,"dr":"SF12 BW125 4/5","ack":false,"bat":255,"offline":false,"data":"002a001908fe"}
May 23, 2022 12:03:01 PM com.example.GreenHouseSpring.gateway_endpoint.LoRaClient onText
INFO: Received data: {"cmd":"gw","seqno":727,"EUI":"0004A30B00E7C8E7","ts":1653300181431,"fcnt":6,"port":2,"freq":867300000,"toa":0,"dr":"SF12 BW125 4/5","ack":false,"gws":[{"rssi":-113,"snr":-16,"ts":1653300181430,"tmms":52000,"time":"2022-05-23T10:03:01.269994922Z","gweui":"7076FFFFFF019BCE","ant":1,"lat":55.8098365,"lon":9.6234451},{"rssi":-114,"snr":-10,"ts":1653300181430,"tmms":52000,"time":"2022-05-23T10:03:01.269994922Z","gweui":"7076FFFFFF019BCE","ant":0,"lat":55.8098365,"lon":9.6234451},{"rssi":-115,"snr":-7,"ts":1653300181431,"tmms":52000,"time":"2022-05-23T10:03:01.269943059Z","gweui":"7076FFFFFF019DE0","ant":0,"lat":55.8631871,"lon":9.836898200000002}],"bat":255,"data":"002a001908fe","_id":"628b5bd5f54f13efba504930"}
May 23, 2022 12:03:43 PM com.example.GreenHouseSpring.gateway_endpoint.LoRaClient onOpen
INFO: WebSocket Listener has been opened for requests.
May 23, 2022 12:07:54 PM com.example.GreenHouseSpring.gateway_endpoint.LoRaClient onOpen
INFO: WebSocket Listener has been opened for requests.
May 23, 2022 12:08:35 PM com.example.GreenHouseSpring.gateway_endpoint.LoRaClient onText
INFO: Received data: {"cmd":"rx","seqno":728,"EUI":"0004A30B00E7C8E7","ts":1653300515818,"fcnt":0,"port":2,"freq":867900000,"rssi":-112,"snr":-9,"toa":0,"dr":"SF12 BW125 4/5","ack":false,"bat":255,"offline":false,"data":"002600180226"}
May 23, 2022 12:08:35 PM com.example.GreenHouseSpring.gateway_endpoint.LoRaClient onText
INFO: Received data: {"cmd":"gw","seqno":728,"EUI":"0004A30B00E7C8E7","ts":1653300515818,"fcnt":0,"port":2,"freq":867900000,"toa":0,"dr":"SF12 BW125 4/5","ack":false,"gws":[{"rssi":-112,"snr":-9,"ts":1653300515818,"tmms":52000,"time":"2022-05-23T10:08:35.701311965Z","gweui":"7076FFFFFF019BCE","ant":0,"lat":55.8098365,"lon":9.6234451},{"rssi":-116,"snr":-15,"ts":1653300515818,"tmms":52000,"time":"2022-05-23T10:08:35.701311965Z","gweui":"7076FFFFFF019BCE","ant":1,"lat":55.8098365,"lon":9.6234451}],"bat":255,"data":"002600180226","_id":"628b5d247f434810e090718e"}
May 23, 2022 12:09:37 PM com.example.GreenHouseSpring.gateway_endpoint.LoRaClient onText
INFO: Received data: {"cmd":"rx","seqno":729,"EUI":"0004A30B00E7C8E7","ts":1653300578052,"fcnt":2,"port":2,"freq":867700000,"rssi":-110,"snr":-8,"toa":0,"dr":"SF12 BW125 4/5","ack":false,"bat":255,"offline":false,"data":"002600180226"}
May 23, 2022 12:09:37 PM com.example.GreenHouseSpring.gateway_endpoint.LoRaClient onText
INFO: Received data: {"cmd":"gw","seqno":729,"EUI":"0004A30B00E7C8E7","ts":1653300578052,"fcnt":2,"port":2,"freq":867700000,"toa":0,"dr":"SF12 BW125 4/5","ack":false,"gws":[{"rssi":-110,"snr":-8,"ts":1653300578052,"tmms":52000,"time":"2022-05-23T10:09:37.935925986Z","gweui":"7076FFFFFF019BCE","ant":0,"lat":55.8098365,"lon":9.6234451},{"rssi":-114,"snr":-15,"ts":1653300578052,"tmms":52000,"time":"2022-05-23T10:09:37.935925986Z","gweui":"7076FFFFFF019BCE","ant":1,"lat":55.8098365,"lon":9.6234451},{"rssi":-115,"snr":-11,"ts":1653300578064,"tmms":52000,"time":"2022-05-23T10:09:37.935878213Z","gweui":"7076FFFFFF019DE0","ant":0,"lat":55.8631871,"lon":9.836898200000002}],"bat":255,"data":"002600180226","_id":"628b5d627f434810e0907437"}
May 23, 2022 12:10:04 PM com.example.GreenHouseSpring.gateway_endpoint.LoRaClient onOpen
INFO: WebSocket Listener has been opened for requests.
May 23, 2022 12:10:39 PM com.example.GreenHouseSpring.gateway_endpoint.LoRaClient onText
INFO: Received data: {"cmd":"rx","seqno":730,"EUI":"0004A30B00E7C8E7","ts":1653300640304,"fcnt":4,"port":2,"freq":867100000,"rssi":-112,"snr":-8,"toa":0,"dr":"SF12 BW125 4/5","ack":false,"bat":255,"offline":false,"data":"002600180226"}
May 23, 2022 12:10:40 PM com.example.GreenHouseSpring.gateway_endpoint.LoRaClient onText
INFO: Received data: {"cmd":"gw","seqno":730,"EUI":"0004A30B00E7C8E7","ts":1653300640304,"fcnt":4,"port":2,"freq":867100000,"toa":0,"dr":"SF12 BW125 4/5","ack":false,"gws":[{"rssi":-112,"snr":-7,"ts":1653300640304,"tmms":52000,"time":"2022-05-23T10:10:40.170610913Z","gweui":"7076FFFFFF019BCE","ant":1,"lat":55.8098365,"lon":9.6234451},{"rssi":-112,"snr":-8,"ts":1653300640304,"tmms":52000,"time":"2022-05-23T10:10:40.170610913Z","gweui":"7076FFFFFF019BCE","ant":0,"lat":55.8098365,"lon":9.6234451},{"rssi":-114,"snr":-20,"ts":1653300640316,"tmms":52000,"time":"2022-05-23T10:10:40.170609414Z","gweui":"7076FFFFFF019F64","ant":0,"lat":55.8098365,"lon":9.6234451},{"rssi":-114,"snr":-20,"ts":1653300640316,"tmms":52000,"time":"2022-05-23T10:10:40.170609414Z","gweui":"7076FFFFFF019F64","ant":1,"lat":55.8098365,"lon":9.6234451},{"rssi":-115,"snr":-7,"ts":1653300640328,"tmms":52000,"time":"2022-05-23T10:10:40.170572040Z","gweui":"7076FFFFFF019DE0","ant":0,"lat":55.8631871,"lon":9.836898200000002}],"bat":255,"data":"002600180226","_id":"628b5da07f434810e09076f1"}
May 23, 2022 12:11:13 PM com.example.GreenHouseSpring.gateway_endpoint.LoRaClient onOpen
INFO: WebSocket Listener has been opened for requests.
May 23, 2022 12:11:41 PM com.example.GreenHouseSpring.gateway_endpoint.LoRaClient onText
INFO: Received data: {"cmd":"rx","seqno":732,"EUI":"0004A30B00E7C8E7","ts":1653300702537,"fcnt":6,"port":2,"freq":867500000,"rssi":-115,"snr":-8,"toa":0,"dr":"SF12 BW125 4/5","ack":false,"bat":255,"offline":false,"data":"002600180190"}
May 23, 2022 12:11:42 PM com.example.GreenHouseSpring.gateway_endpoint.LoRaClient onText
INFO: Received data: {"cmd":"gw","seqno":732,"EUI":"0004A30B00E7C8E7","ts":1653300702537,"fcnt":6,"port":2,"freq":867500000,"toa":0,"dr":"SF12 BW125 4/5","ack":false,"gws":[{"rssi":-115,"snr":-8,"ts":1653300702537,"tmms":52000,"time":"2022-05-23T10:11:42.406465081Z","gweui":"7076FFFFFF019DE0","ant":0,"lat":55.8631871,"lon":9.836898200000002}],"bat":255,"data":"002600180190","_id":"628b5ddef54f13efba505a28"}
May 23, 2022 12:13:36 PM com.example.GreenHouseSpring.gateway_endpoint.LoRaClient onText
INFO: Received data: {"cmd":"rx","seqno":733,"EUI":"0004A30B00E7C8E7","ts":1653300816683,"fcnt":0,"port":2,"freq":867900000,"rssi":-114,"snr":-11,"toa":0,"dr":"SF12 BW125 4/5","ack":false,"bat":255,"offline":false,"data":"002600180226"}
May 23, 2022 12:13:36 PM com.example.GreenHouseSpring.gateway_endpoint.LoRaClient onText
INFO: Received data: {"cmd":"gw","seqno":733,"EUI":"0004A30B00E7C8E7","ts":1653300816683,"fcnt":0,"port":2,"freq":867900000,"toa":0,"dr":"SF12 BW125 4/5","ack":false,"gws":[{"rssi":-112,"snr":-7,"ts":1653300816702,"tmms":52000,"time":"2022-05-23T10:13:36.555260910Z","gweui":"7076FFFFFF019BCE","ant":0,"lat":55.8098365,"lon":9.6234451},{"rssi":-112,"snr":-14,"ts":1653300816702,"tmms":52000,"time":"2022-05-23T10:13:36.555260910Z","gweui":"7076FFFFFF019BCE","ant":1,"lat":55.8098365,"lon":9.6234451},{"rssi":-114,"snr":-11,"ts":1653300816683,"tmms":52000,"time":"2022-05-23T10:13:36.555218107Z","gweui":"7076FFFFFF019DE0","ant":0,"lat":55.8631871,"lon":9.836898200000002}],"bat":255,"data":"002600180226","_id":"628b5e51f54f13efba505df0"}
May 23, 2022 12:14:07 PM com.example.GreenHouseSpring.gateway_endpoint.LoRaClient onText
INFO: Received data: {"cmd":"rx","seqno":734,"EUI":"0004A30B00E7C8E7","ts":1653300847815,"fcnt":1,"port":2,"freq":868500000,"rssi":-106,"snr":-22,"toa":0,"dr":"SF12 BW125 4/5","ack":false,"bat":255,"offline":false,"data":"002600180226"}
May 23, 2022 12:14:07 PM com.example.GreenHouseSpring.gateway_endpoint.LoRaClient onText
INFO: Received data: {"cmd":"gw","seqno":734,"EUI":"0004A30B00E7C8E7","ts":1653300847815,"fcnt":1,"port":2,"freq":868500000,"toa":0,"dr":"SF12 BW125 4/5","ack":false,"gws":[{"rssi":-106,"snr":-22,"ts":1653300847815,"tmms":52000,"time":"2022-05-23T10:14:07.672481138Z","gweui":"7076FFFFFF019DE0","ant":0,"lat":55.8631871,"lon":9.836898200000002}],"bat":255,"data":"002600180226","_id":"628b5e70f54f13efba505f43"}
May 23, 2022 12:14:38 PM com.example.GreenHouseSpring.gateway_endpoint.LoRaClient onText
INFO: Received data: {"cmd":"rx","seqno":735,"EUI":"0004A30B00E7C8E7","ts":1653300878954,"fcnt":2,"port":2,"freq":867500000,"rssi":-114,"snr":-7,"toa":0,"dr":"SF12 BW125 4/5","ack":false,"bat":255,"offline":false,"data":"002600180226"}
May 23, 2022 12:14:38 PM com.example.GreenHouseSpring.gateway_endpoint.LoRaClient onText
INFO: Received data: {"cmd":"gw","seqno":735,"EUI":"0004A30B00E7C8E7","ts":1653300878954,"fcnt":2,"port":2,"freq":867500000,"toa":0,"dr":"SF12 BW125 4/5","ack":false,"gws":[{"rssi":-114,"snr":-7,"ts":1653300878954,"tmms":52000,"time":"2022-05-23T10:14:38.790016171Z","gweui":"7076FFFFFF019DE0","ant":0,"lat":55.8631871,"lon":9.836898200000002}],"bat":255,"data":"002600180226","_id":"628b5e8ff54f13efba506020"}
May 23, 2022 12:15:09 PM com.example.GreenHouseSpring.gateway_endpoint.LoRaClient onText
INFO: Received data: {"cmd":"rx","seqno":736,"EUI":"0004A30B00E7C8E7","ts":1653300910021,"fcnt":3,"port":2,"freq":867700000,"rssi":-115,"snr":-11,"toa":0,"dr":"SF12 BW125 4/5","ack":false,"bat":255,"offline":false,"data":"002600180226"}
May 23, 2022 12:15:09 PM com.example.GreenHouseSpring.gateway_endpoint.LoRaClient onText
INFO: Received data: {"cmd":"gw","seqno":736,"EUI":"0004A30B00E7C8E7","ts":1653300910021,"fcnt":3,"port":2,"freq":867700000,"toa":0,"dr":"SF12 BW125 4/5","ack":false,"gws":[{"rssi":-115,"snr":-11,"ts":1653300910021,"tmms":52000,"time":"2022-05-23T10:15:09.907831207Z","gweui":"7076FFFFFF019DE0","ant":0,"lat":55.8631871,"lon":9.836898200000002}],"bat":255,"data":"002600180226","_id":"628b5eaef54f13efba5061da"}
May 23, 2022 12:15:40 PM com.example.GreenHouseSpring.gateway_endpoint.LoRaClient onText
INFO: Received data: {"cmd":"rx","seqno":737,"EUI":"0004A30B00E7C8E7","ts":1653300941138,"fcnt":4,"port":2,"freq":867300000,"rssi":-111,"snr":-10,"toa":0,"dr":"SF12 BW125 4/5","ack":false,"bat":255,"offline":false,"data":"002600180226"}
May 23, 2022 12:15:40 PM com.example.GreenHouseSpring.gateway_endpoint.LoRaClient onText
INFO: Received data: {"cmd":"gw","seqno":737,"EUI":"0004A30B00E7C8E7","ts":1653300941138,"fcnt":4,"port":2,"freq":867300000,"toa":0,"dr":"SF12 BW125 4/5","ack":false,"gws":[{"rssi":-111,"snr":-10,"ts":1653300941138,"tmms":52000,"time":"2022-05-23T10:15:41.025008969Z","gweui":"7076FFFFFF019BCE","ant":0,"lat":55.8098365,"lon":9.6234451},{"rssi":-113,"snr":-14,"ts":1653300941138,"tmms":52000,"time":"2022-05-23T10:15:41.025008969Z","gweui":"7076FFFFFF019BCE","ant":1,"lat":55.8098365,"lon":9.6234451},{"rssi":-115,"snr":-9,"ts":1653300941153,"tmms":52000,"time":"2022-05-23T10:15:41.024958005Z","gweui":"7076FFFFFF019DE0","ant":0,"lat":55.8631871,"lon":9.836898200000002}],"bat":255,"data":"002600180226","_id":"628b5ecd7f434810e090835e"}
May 23, 2022 12:16:11 PM com.example.GreenHouseSpring.gateway_endpoint.LoRaClient onText
INFO: Received data: {"cmd":"rx","seqno":738,"EUI":"0004A30B00E7C8E7","ts":1653300972308,"fcnt":5,"port":2,"freq":867100000,"rssi":-115,"snr":-8,"toa":0,"dr":"SF12 BW125 4/5","ack":false,"bat":255,"offline":false,"data":"002600180190"}
May 23, 2022 12:16:12 PM com.example.GreenHouseSpring.gateway_endpoint.LoRaClient onText
INFO: Received data: {"cmd":"gw","seqno":738,"EUI":"0004A30B00E7C8E7","ts":1653300972308,"fcnt":5,"port":2,"freq":867100000,"toa":0,"dr":"SF12 BW125 4/5","ack":false,"gws":[{"rssi":-115,"snr":-8,"ts":1653300972308,"tmms":52000,"time":"2022-05-23T10:16:12.143077034Z","gweui":"7076FFFFFF019DE0","ant":0,"lat":55.8631871,"lon":9.836898200000002}],"bat":255,"data":"002600180190","_id":"628b5eecf54f13efba50643a"}
May 23, 2022 12:16:42 PM com.example.GreenHouseSpring.gateway_endpoint.LoRaClient onText
INFO: Received data: {"cmd":"rx","seqno":739,"EUI":"0004A30B00E7C8E7","ts":1653301003381,"fcnt":6,"port":2,"freq":868100000,"rssi":-115,"snr":-13,"toa":0,"dr":"SF12 BW125 4/5","ack":false,"bat":255,"offline":false,"data":"002600180190"}
May 23, 2022 12:16:43 PM com.example.GreenHouseSpring.gateway_endpoint.LoRaClient onText
INFO: Received data: {"cmd":"gw","seqno":739,"EUI":"0004A30B00E7C8E7","ts":1653301003381,"fcnt":6,"port":2,"freq":868100000,"toa":0,"dr":"SF12 BW125 4/5","ack":false,"gws":[{"rssi":-115,"snr":-13,"ts":1653301003381,"tmms":52000,"time":"2022-05-23T10:16:43.260132065Z","gweui":"7076FFFFFF019DE0","ant":0,"lat":55.8631871,"lon":9.836898200000002}],"bat":255,"data":"002600180190","_id":"628b5f0bf54f13efba506546"}
May 23, 2022 12:41:13 PM com.example.GreenHouseSpring.gateway_endpoint.LoRaClient onPing
INFO: Ping: Client ---> Server
May 23, 2022 12:41:13 PM com.example.GreenHouseSpring.gateway_endpoint.LoRaClient onPing
INFO: 
May 23, 2022 1:11:13 PM com.example.GreenHouseSpring.gateway_endpoint.LoRaClient onPing
INFO: Ping: Client ---> Server
May 23, 2022 1:11:13 PM com.example.GreenHouseSpring.gateway_endpoint.LoRaClient onPing
INFO: 
